{"logTime": "0408/171548", "correlationVector":"MYLT2eSbh/f/EdsbmalkG8.1","action":"SyncServerConnectionManagerRequest", "result":"SYNC_SERVER_OK", "context":{"environment":"Prod_germanywestcentral_prod-s01-010-eur-germanywestcentral", "migrationStage":"NotStarted", "server":"akswtt00600002r"}}
{"logTime": "0408/171548", "correlationVector":"MYLT2eSbh/f/EdsbmalkG8.2","action":"ProcessGetUpdates", "result":"Done", "context":{"dataType":"Encryption Keys", "deleted":"0", "process_failed_to_decrypt":"0", "process_pending_decryption":"0", "process_success":"1", "total":"1"}}
{"logTime": "0408/171548", "correlationVector":"z5wZlGejUQ7inKqzwESruC","action":"SyncServerConnectionManagerRequest", "result":"SYNC_SERVER_OK", "context":{"environment":"", "migrationStage":"", "server":""}}
{"logTime": "0408/171548", "correlationVector":"z5wZlGejUQ7inKqzwESruC.0","action":"EncryptionKeysFetcher.DownloadKeys:", "result":"Success", "context":Key count: 8, Last key timestamp: 2025-03-28T12:23:49Z}
{"logTime": "0408/171548", "correlationVector":"z5wZlGejUQ7inKqzwESruC.1","action":"EncryptionKeysManager::SetEncryptionKeys:", "result":"Success", "context":Key names[8]:[t+DQfZdwzU9mGyHeMxtDgQzCp3fNy80Aql70SqS5mACAL/MO66COz6tsuy9ClbETMa17XPxcVSNp6V5d0jQmEg==][3UVQlkB2dtySjvqYiDpGbQZkWVmBl0QA/OP4lpVurbQYTmK1OpEUcHQmC2659Q/UUjpBsS0awVmtkiwNJpIm7w==][m/3tWHF0Ja+XvmVPPV3j4HXNWArylnWqFGThQm7Kb9fsQ+Ir1zvyIOW9J86ghdU4YKLyihPBY/JpY7xWrYKkCQ==][t4fYH627lLBcveGnVgNxj1qXb+kAoDYMn/cbPFE+7R2RTmK4y8/QVLvxctGwf+XTSsS3u3uFl5IQBvC1muwLBg==][j6GJZET4RxAgk8XXdkzq4BoIoCymrjqH1SBsSdlZvymsGrZqmDd3nPiPirqXaxHAyhXhB+WmPugnFMQAWqzfbw==][sBCknAjL1WabmW6tdQ4XPekxtRhAkd9OIxByafw9TEtbOFH8vftCMYfgZ8MXafzpoQuDoLg1TpJIAkg72uvesA==][sp0AixDf9zQfA9VwVHtRpba0eprR+fNzYPxnjco5utzxt2jZfaDnlgm6ECL43m+O7lrHDHNqSHSyaZsoE1r7nA==][fexrBS2/D5YEsTgksTt4stOU7LENORp5jchMvzp1hfEA0QdPkVl9JZGlrfPpTw9p2aJxz442xHCdgwQ1exO/hQ==]}
{"logTime": "0408/171548", "correlationVector":"z5wZlGejUQ7inKqzwESruC.2","action":"EncryptionKeysManager::SetEncryptionKeysWithTimestamps:", "result":"Success", "context":Key timestamps[8]:[2021-10-02T14:37:35Z][2022-04-23T13:25:07Z][2022-11-03T19:50:28Z][2023-05-06T07:40:42Z][2023-11-07T12:01:20Z][2024-05-09T19:24:05Z][2024-11-06T13:42:28Z][2025-03-28T12:23:49Z]}
{"logTime": "0408/171548", "correlationVector":"MYLT2eSbh/f/EdsbmalkG8","action":"Initial GetUpdates", "result":"", "context":Reason: NEW_CLIENT. cV=MYLT2eSbh/f/EdsbmalkG8}
{"logTime": "0408/171548", "correlationVector":"MYLT2eSbh/f/EdsbmalkG8.3","action":"GetUpdates Response", "result":"Success", "context":Received 1 update(s). cV=MYLT2eSbh/f/EdsbmalkG8.0;server=akswtt00600002r;cloudType=Consumer;environment=Prod_germanywestcentral_prod-s01-010-eur-germanywestcentral;migrationStage=NotStarted}
{"logTime": "0408/171548", "correlationVector":"2gGlBVvFTzan0/g51j/093","action":"Initial GetUpdates", "result":"", "context":Reason: NEWLY_SUPPORTED_DATATYPE. cV=2gGlBVvFTzan0/g51j/093}
{"logTime": "0408/171549", "correlationVector":"2gGlBVvFTzan0/g51j/093.1","action":"SyncServerConnectionManagerRequest", "result":"SYNC_SERVER_OK", "context":{"environment":"Prod_germanywestcentral_prod-s01-011-eur-germanywestcentral", "migrationStage":"NotStarted", "server":"akswtt006000000"}}
{"logTime": "0408/171549", "correlationVector":"2gGlBVvFTzan0/g51j/093.2","action":"ProcessGetUpdates", "result":"Done", "context":{"dataType":"Preferences", "deleted":"0", "process_failed_to_decrypt":"0", "process_pending_decryption":"0", "process_success":"73", "total":"73"}}
{"logTime": "0408/171549", "correlationVector":"2gGlBVvFTzan0/g51j/093.3","action":"ProcessGetUpdates", "result":"Done", "context":{"dataType":"Passwords", "deleted":"0", "process_failed_to_decrypt":"0", "process_pending_decryption":"0", "process_success":"118", "total":"118"}}
{"logTime": "0408/171549", "correlationVector":"2gGlBVvFTzan0/g51j/093.4","action":"ProcessGetUpdates", "result":"Done", "context":{"dataType":"Device Info", "deleted":"0", "process_failed_to_decrypt":"0", "process_pending_decryption":"0", "process_success":"23", "total":"23"}}
{"logTime": "0408/171549", "correlationVector":"2gGlBVvFTzan0/g51j/093.5","action":"GetUpdates Response", "result":"Success", "context":Received 214 update(s). cV=2gGlBVvFTzan0/g51j/093.0;server=akswtt006000000;cloudType=Consumer;environment=Prod_germanywestcentral_prod-s01-011-eur-germanywestcentral;migrationStage=NotStarted}
{"logTime": "0408/171549", "correlationVector":"DnO/1mJGSoeLWKpagDPsBV","action":"Initial GetUpdates", "result":"", "context":Reason: NEWLY_SUPPORTED_DATATYPE. cV=DnO/1mJGSoeLWKpagDPsBV}
{"logTime": "0408/171549", "correlationVector":"DnO/1mJGSoeLWKpagDPsBV.1","action":"SyncServerConnectionManagerRequest", "result":"SYNC_SERVER_OK", "context":{"environment":"Prod_germanywestcentral_prod-s01-011-eur-germanywestcentral", "migrationStage":"NotStarted", "server":"akswtt00600001i"}}
{"logTime": "0408/171549", "correlationVector":"DnO/1mJGSoeLWKpagDPsBV.2","action":"ProcessGetUpdates", "result":"Done", "context":{"dataType":"Bookmarks", "deleted":"0", "process_failed_to_decrypt":"0", "process_pending_decryption":"0", "process_success":"117", "total":"117"}}
{"logTime": "0408/171549", "correlationVector":"DnO/1mJGSoeLWKpagDPsBV.3","action":"GetUpdates Response", "result":"Success", "context":Received 117 update(s). cV=DnO/1mJGSoeLWKpagDPsBV.0;server=akswtt00600001i;cloudType=Consumer;environment=Prod_germanywestcentral_prod-s01-011-eur-germanywestcentral;migrationStage=NotStarted}
{"logTime": "0408/171549", "correlationVector":"qgQKzD7cyD6Sc9iSsnyi0q","action":"Initial GetUpdates", "result":"", "context":Reason: NEWLY_SUPPORTED_DATATYPE. cV=qgQKzD7cyD6Sc9iSsnyi0q}
{"logTime": "0408/171550", "correlationVector":"qgQKzD7cyD6Sc9iSsnyi0q.1","action":"SyncServerConnectionManagerRequest", "result":"SYNC_SERVER_OK", "context":{"environment":"Prod_germanywestcentral_prod-s01-011-eur-germanywestcentral", "migrationStage":"NotStarted", "server":"akswtt00600002f"}}
{"logTime": "0408/171550", "correlationVector":"qgQKzD7cyD6Sc9iSsnyi0q.2","action":"ProcessGetUpdates", "result":"Done", "context":{"dataType":"Autofill Profiles", "deleted":"0", "process_failed_to_decrypt":"0", "process_pending_decryption":"0", "process_success":"1", "total":"1"}}
{"logTime": "0408/171550", "correlationVector":"qgQKzD7cyD6Sc9iSsnyi0q.3","action":"ProcessGetUpdates", "result":"Done", "context":{"dataType":"Autofill", "deleted":"0", "process_failed_to_decrypt":"0", "process_pending_decryption":"0", "process_success":"3", "total":"3"}}
{"logTime": "0408/171550", "correlationVector":"qgQKzD7cyD6Sc9iSsnyi0q.4","action":"ProcessGetUpdates", "result":"Done", "context":{"dataType":"Sessions", "deleted":"4", "process_failed_to_decrypt":"0", "process_pending_decryption":"0", "process_success":"25", "total":"25"}}
{"logTime": "0408/171550", "correlationVector":"qgQKzD7cyD6Sc9iSsnyi0q.5","action":"GetUpdates Response", "result":"Success", "context":Received 29 update(s). cV=qgQKzD7cyD6Sc9iSsnyi0q.0;server=akswtt00600002f;cloudType=Consumer;environment=Prod_germanywestcentral_prod-s01-011-eur-germanywestcentral;migrationStage=NotStarted}
{"logTime": "0408/171550", "correlationVector":"GWtlJ9+u6RfFPL40RAbZ51","action":"Initial GetUpdates", "result":"", "context":Reason: NEWLY_SUPPORTED_DATATYPE. cV=GWtlJ9+u6RfFPL40RAbZ51}
{"logTime": "0408/171550", "correlationVector":"GWtlJ9+u6RfFPL40RAbZ51.1","action":"SyncServerConnectionManagerRequest", "result":"SYNC_SERVER_OK", "context":{"environment":"Prod_germanywestcentral_prod-s01-011-eur-germanywestcentral", "migrationStage":"NotStarted", "server":"akswtt00600001x"}}
{"logTime": "0408/171550", "correlationVector":"GWtlJ9+u6RfFPL40RAbZ51.2","action":"ProcessGetUpdates", "result":"Done", "context":{"dataType":"History", "deleted":"0", "process_failed_to_decrypt":"0", "process_pending_decryption":"0", "process_success":"22", "total":"22"}}
{"logTime": "0408/171550", "correlationVector":"GWtlJ9+u6RfFPL40RAbZ51.3","action":"GetUpdates Response", "result":"Success", "context":Received 22 update(s). cV=GWtlJ9+u6RfFPL40RAbZ51.0;server=akswtt00600001x;cloudType=Consumer;environment=Prod_germanywestcentral_prod-s01-011-eur-germanywestcentral;migrationStage=NotStarted}
{"logTime": "0408/171550", "correlationVector":"zoCbowQwL+b1jlKQBxnPOW","action":"Normal GetUpdate request", "result":"", "context":cV=zoCbowQwL+b1jlKQBxnPOW
Nudged types: Sessions, Device Info, User Consents
Refresh requested types: Bookmarks, Preferences, Passwords, Autofill Profiles, Autofill, Extensions, Sessions, Extension settings, History Delete Directives, Device Info, User Consents, Send Tab To Self, Web Apps, History, Saved Tab Group, Collection, Edge E Drop, Edge Hub App Usage, Edge Tab Group, Edge Wallet, Encryption Keys}
{"logTime": "0408/171551", "correlationVector":"zoCbowQwL+b1jlKQBxnPOW.1","action":"SyncServerConnectionManagerRequest", "result":"SYNC_SERVER_OK", "context":{"environment":"Prod_germanywestcentral_prod-s01-011-eur-germanywestcentral", "migrationStage":"NotStarted", "server":"akswtt00600001a"}}
{"logTime": "0408/171551", "correlationVector":"zoCbowQwL+b1jlKQBxnPOW.2","action":"GetUpdates Response", "result":"Success", "context":Received 0 update(s). cV=zoCbowQwL+b1jlKQBxnPOW.0;server=akswtt00600001a;cloudType=Consumer;environment=Prod_germanywestcentral_prod-s01-011-eur-germanywestcentral;migrationStage=NotStarted}
{"logTime": "0408/171551", "correlationVector":"4u6kwHw+jvyDy2L7WpNFri","action":"DoCompareDataConsistency requsted types: ", "result":"Bookmarks, Preferences, Passwords, Extensions, Extension settings, History Delete Directives, Send Tab To Self, Web Apps, History, Saved Tab Group, Collection, Edge E Drop, Edge Tab Group, Edge Wallet, Encryption Keys"}
{"logTime": "0408/171551", "correlationVector":"4u6kwHw+jvyDy2L7WpNFri.0","action":"CompareDataConsistency result: ", "result":"Compare result: Encryption Keys is consistent. local entities count is: 1 local entities hash is: eSQKSwH/i3cqtSkCbbkKWy1jrQc="}
{"logTime": "0408/171551", "correlationVector":"4u6kwHw+jvyDy2L7WpNFri.1","action":"CompareDataConsistency result: ", "result":"Compare result: Bookmarks is consistent. local entities count is: 112 local entities hash is: 64QjPextH4DXU+0W0DeYwcHVtlQ="}
{"logTime": "0408/171551", "correlationVector":"4u6kwHw+jvyDy2L7WpNFri.2","action":"CompareDataConsistency result: ", "result":"Compare result: Preferences is consistent. local entities count is: 73 local entities hash is: xADveVmnFMa5FHGwLroZcDUbIqM="}
{"logTime": "0408/171551", "correlationVector":"4u6kwHw+jvyDy2L7WpNFri.3","action":"CompareDataConsistency result: ", "result":"Compare result: Extensions is consistent. local entities count is: 0 local entities hash is: "}
{"logTime": "0408/171551", "correlationVector":"4u6kwHw+jvyDy2L7WpNFri.4","action":"CompareDataConsistency result: ", "result":"Compare result: Extension settings is consistent. local entities count is: 0 local entities hash is: "}
{"logTime": "0408/171551", "correlationVector":"4u6kwHw+jvyDy2L7WpNFri.5","action":"CompareDataConsistency result: ", "result":"Compare result: History Delete Directives is consistent. local entities count is: 0 local entities hash is: "}
{"logTime": "0408/171551", "correlationVector":"4u6kwHw+jvyDy2L7WpNFri.6","action":"CompareDataConsistency result: ", "result":"Server did not send this Send Tab To Self local entities count is: 0 local entities hash is: "}
{"logTime": "0408/171551", "correlationVector":"4u6kwHw+jvyDy2L7WpNFri.7","action":"CompareDataConsistency result: ", "result":"Compare result: Web Apps is consistent. local entities count is: 0 local entities hash is: "}
{"logTime": "0408/171551", "correlationVector":"4u6kwHw+jvyDy2L7WpNFri.8","action":"CompareDataConsistency result: ", "result":"Server did not send this History local entities count is: 0 local entities hash is: "}
{"logTime": "0408/171551", "correlationVector":"4u6kwHw+jvyDy2L7WpNFri.9","action":"CompareDataConsistency result: ", "result":"Compare result: Saved Tab Group is consistent. local entities count is: 0 local entities hash is: "}
{"logTime": "0408/171551", "correlationVector":"4u6kwHw+jvyDy2L7WpNFri.10","action":"CompareDataConsistency result: ", "result":"Compare result: Collection is consistent. local entities count is: 0 local entities hash is: "}
{"logTime": "0408/171551", "correlationVector":"4u6kwHw+jvyDy2L7WpNFri.11","action":"CompareDataConsistency result: ", "result":"Compare result: Edge E Drop is consistent. local entities count is: 0 local entities hash is: "}
{"logTime": "0408/171551", "correlationVector":"4u6kwHw+jvyDy2L7WpNFri.12","action":"CompareDataConsistency result: ", "result":"Compare result: Edge Tab Group is consistent. local entities count is: 0 local entities hash is: "}
{"logTime": "0408/171551", "correlationVector":"4u6kwHw+jvyDy2L7WpNFri.13","action":"CompareDataConsistency result: ", "result":"Compare result: Edge Wallet is consistent. local entities count is: 0 local entities hash is: "}
{"logTime": "0408/171551", "correlationVector":"4u6kwHw+jvyDy2L7WpNFri.14","action":"CompareDataConsistency result: ", "result":"Compare result: Passwords is consistent. local entities count is: 118 local entities hash is: 3rX3v8s0xRecoEcC+k9y9a5eJSw="}
{"logTime": "0408/171551", "correlationVector":"EmigmbG/S3Dg5Zbspkoh+j","action":"Commit Request", "result":"", "context":Item count: 5
Contributing types: Sessions, Device Info, User Consents}
{"logTime": "0408/171552", "correlationVector":"EmigmbG/S3Dg5Zbspkoh+j.1","action":"SyncServerConnectionManagerRequest", "result":"SYNC_SERVER_OK", "context":{"environment":"Prod_germanywestcentral_prod-s01-011-eur-germanywestcentral", "migrationStage":"NotStarted", "server":"akswtt00600001x"}}
{"logTime": "0408/171552", "correlationVector":"EmigmbG/S3Dg5Zbspkoh+j.2","action":"Commit Response", "result":"Success", "context":Result: Success. cV=EmigmbG/S3Dg5Zbspkoh+j.0;server=akswtt00600001x;cloudType=Consumer;environment=Prod_germanywestcentral_prod-s01-011-eur-germanywestcentral;migrationStage=NotStarted}
{"logTime": "0408/171552", "correlationVector":"","action":"DIAGNOSTIC_REQUEST|v1/diagnosticData/Diagnostic.SendCheckResult()|SUCCESS", "result":""}
{"logTime": "0408/171556", "correlationVector":"HBKayszBeaxReUvqlhOOFe","action":"Commit Request", "result":"", "context":Item count: 3
Contributing types: Preferences, Sessions, History}
{"logTime": "0408/171556", "correlationVector":"HBKayszBeaxReUvqlhOOFe.1","action":"SyncServerConnectionManagerRequest", "result":"SYNC_SERVER_OK", "context":{"environment":"Prod_germanywestcentral_prod-s01-011-eur-germanywestcentral", "migrationStage":"NotStarted", "server":"akswtt00600000u"}}
{"logTime": "0408/171556", "correlationVector":"HBKayszBeaxReUvqlhOOFe.2","action":"Commit Response", "result":"Success", "context":Result: Success. cV=HBKayszBeaxReUvqlhOOFe.0;server=akswtt00600000u;cloudType=Consumer;environment=Prod_germanywestcentral_prod-s01-011-eur-germanywestcentral;migrationStage=NotStarted}
